     1 00000000                                 ; haribote-ipl
     2 00000000                                 ; TAB=4
     3 00000000                                 
     4                                          		ORG		0x7c00			; 이 프로그램이 어디에 Read되는가
     5 00007C00                                 
     6 00007C00                                 ; 이하는 표준적인 FAT12 포맷 플로피 디스크를 위한 기술
     7 00007C00                                 
     8 00007C00 EB 4E                           		JMP		entry
     9 00007C02 90                              		DB		0x90
    10 00007C03 48 41 52 49 42 4F 54 45         		DB		"HARIBOTE"		; boot sector의 이름을 자유롭게 써도 좋다(8바이트)
    11 00007C0B 0200                            		DW		512			; 1섹터 크기(512로 해야 함)
    12 00007C0D 01                              		DB		1			; 클러스터 크기(1섹터로 해야 함)
    13 00007C0E 0001                            		DW		1			; FAT가 어디에서 시작될까(보통은 1 섹터째부터)
    14 00007C10 02                              		DB		2			; FAT 개수(2로 해야 함)
    15 00007C11 00E0                            		DW		224			; 루트 디렉토리 영역의 크기(보통은 224엔트리로 한다)
    16 00007C13 0B40                            		DW		2880			; 드라이브 크기(2880섹터로 해야 함)
    17 00007C15 F0                              		DB		0xf0			; 미디어 타입(0xf0로 해야 함)
    18 00007C16 0009                            		DW		9			; FAT영역 길이(9섹터로 해야 함)
    19 00007C18 0012                            		DW		18			; 1트럭에 몇개의 섹터가 있을까(18로 해야 함)
    20 00007C1A 0002                            		DW		2			; 헤드 수(2로 해야 함)
    21 00007C1C 00000000                        		DD		0			; 파티션을 사용하지 않기 때문에 여기는 반드시 0
    22 00007C20 00000B40                        		DD		2880			; 드라이브 크기를 한번 더 write
    23 00007C24 00 00 29                        		DB		0,0,0x29		; 잘 모르지만 이 값으로 해 두면 좋은 것 같다
    24 00007C27 FFFFFFFF                        		DD		0xffffffff		; 아마, 볼륨 시리얼 번호
    25 00007C2B 48 41 52 49 42 4F 54 45 4F 53   		DB		"HARIBOTEOS "		; 디스크 이름(11바이트)
       00007C35 20 
    26 00007C36 46 41 54 31 32 20 20 20         		DB		"FAT12   "		; 포맷 이름(8바이트)
    27 00007C3E 00 00 00 00 00 00 00 00 00 00   		RESB	18				; 우선 18바이트를 비어 둔다
       00007C48 00 00 00 00 00 00 00 00 
    28 00007C50                                 
    29 00007C50                                 ; 프로그램 본체
    30 00007C50                                 
    31 00007C50                                 entry:
    32 00007C50 B8 0000                         		MOV		AX, 0			; 레지스터 초기화
    33 00007C53 8E D0                           		MOV		SS,AX
    34 00007C55 BC 7C00                         		MOV		SP,0x7c00
    35 00007C58 8E D8                           		MOV		DS,AX
    36 00007C5A                                 
    37 00007C5A                                 ; 디스크를 읽는다
    38 00007C5A                                 
    39 00007C5A B8 0820                         		MOV		AX,0x0820
    40 00007C5D 8E C0                           		MOV		ES,AX
    41 00007C5F B5 00                           		MOV		CH, 0			; 실린더 0
    42 00007C61 B6 00                           		MOV		DH, 0			; 헤드 0
    43 00007C63 B1 02                           		MOV		CL, 2			; 섹터 2
    44 00007C65                                 readloop:
    45 00007C65 BE 0000                         		MOV		SI, 0			; 실패 회수를 세는 레지스터
    46 00007C68                                 retry:
    47 00007C68 B4 02                           		MOV		AH, 0x02		; AH=0x02 : 디스크 read
    48 00007C6A B0 01                           		MOV		AL, 1			; 1섹터
    49 00007C6C BB 0000                         		MOV		BX,0
    50 00007C6F B2 00                           		MOV		DL, 0x00		; A드라이브
    51 00007C71 CD 13                           		INT		0x13			; 디스크 BIOS 호출
    52 00007C73 73 10                           		JNC		next			; 에러가 일어나지 않으면 next에
    53 00007C75 83 C6 01                        		ADD		SI, 1			; SI에 1을 더한다
    54 00007C78 83 FE 05                        		CMP		SI, 5			; SI와 5를 비교
    55 00007C7B 73 1A                           		JAE		error			; SI >= 5 이면 error에
    56 00007C7D B4 00                           		MOV		AH,0x00
    57 00007C7F B2 00                           		MOV		DL, 0x00		; A드라이브
    58 00007C81 CD 13                           		INT		0x13			; 드라이브의 리셋트
    59 00007C83 EB E3                           		JMP		retry
    60 00007C85                                 next:
    61 00007C85 8C C0                           		MOV		AX, ES			; 주소를 0x200 진행한다
    62 00007C87 05 0020                         		ADD		AX,0x0020
    63 00007C8A 8E C0                           		MOV		ES, AX			; ADD ES, 0x020라고 하는 명령이 없기 때문에 이렇게 하고 있다
    64 00007C8C 80 C1 01                        		ADD		CL, 1			; CL에 1을 더한다
    65 00007C8F 80 F9 12                        		CMP		CL, 18			; CL와 18을 비교
    66 00007C92 76 D1                           		JBE		readloop		; CL <= 18 이라면 readloop에
    67 00007C94                                 
    68 00007C94                                 ; 다 읽었지만 우선 할일이 없기 때문에 sleeve
    69 00007C94                                 
    70 00007C94                                 fin:
    71 00007C94 F4                              		HLT					; 무엇인가 있을 때까지 CPU를 정지시킨다
    72 00007C95 EB FD                           		JMP		fin			; Endless Loop
    73 00007C97                                 
    74 00007C97                                 error:
    75 00007C97 B8 0000                         		MOV		AX,0
    76 00007C9A 8E C0                           		MOV		ES,AX
    77 00007C9C BE 7CB1                         		MOV		SI,msg
    78 00007C9F                                 putloop:
    79 00007C9F 8A 04                           		MOV		AL,[SI]
    80 00007CA1 83 C6 01                        		ADD		SI, 1			; SI에 1을 더한다
    81 00007CA4 3C 00                           		CMP		AL,0
    82 00007CA6 74 EC                           		JE		fin
    83 00007CA8 B4 0E                           		MOV		AH, 0x0e		; 한 글자 표시 function
    84 00007CAA BB 000F                         		MOV		BX, 15			; 칼라 코드
    85 00007CAD CD 10                           		INT		0x10			; 비디오 BIOS 호출
    86 00007CAF EB EE                           		JMP		putloop
    87 00007CB1                                 msg:
    88 00007CB1 0A 0A                           		DB		0x0a, 0x0a		; 개행을 2개
    89 00007CB3 6C 6F 61 64 20 65 72 72 6F 72   		DB		"load error"
    90 00007CBD 0A                              		DB		0x0a			; 개행
    91 00007CBE 00                              		DB		0
    92 00007CBF                                 
    93 00007CBF 00 00 00 00 00 00 00 00 00 00   		RESB	0x7dfe-$			; 0x7dfe까지를 0x00로 채우는 명령
       00007CC9 00 00 00 00 00 00 00 00 00 00 
       00007CD3 00 00 00 00 00 00 00 00 00 00 
       00007CDD 00 00 00 00 00 00 00 00 00 00 
       00007CE7 00 00 00 00 00 00 00 00 00 00 
       00007CF1 00 00 00 00 00 00 00 00 00 00 
       00007CFB 00 00 00 00 00 00 00 00 00 00 
       00007D05 00 00 00 00 00 00 00 00 00 00 
       00007D0F 00 00 00 00 00 00 00 00 00 00 
       00007D19 00 00 00 00 00 00 00 00 00 00 
       00007D23 00 00 00 00 00 00 00 00 00 00 
       00007D2D 00 00 00 00 00 00 00 00 00 00 
       00007D37 00 00 00 00 00 00 00 00 00 00 
       00007D41 00 00 00 00 00 00 00 00 00 00 
       00007D4B 00 00 00 00 00 00 00 00 00 00 
       00007D55 00 00 00 00 00 00 00 00 00 00 
       00007D5F 00 00 00 00 00 00 00 00 00 00 
       00007D69 00 00 00 00 00 00 00 00 00 00 
       00007D73 00 00 00 00 00 00 00 00 00 00 
       00007D7D 00 00 00 00 00 00 00 00 00 00 
       00007D87 00 00 00 00 00 00 00 00 00 00 
       00007D91 00 00 00 00 00 00 00 00 00 00 
       00007D9B 00 00 00 00 00 00 00 00 00 00 
       00007DA5 00 00 00 00 00 00 00 00 00 00 
       00007DAF 00 00 00 00 00 00 00 00 00 00 
       00007DB9 00 00 00 00 00 00 00 00 00 00 
       00007DC3 00 00 00 00 00 00 00 00 00 00 
       00007DCD 00 00 00 00 00 00 00 00 00 00 
       00007DD7 00 00 00 00 00 00 00 00 00 00 
       00007DE1 00 00 00 00 00 00 00 00 00 00 
       00007DEB 00 00 00 00 00 00 00 00 00 00 
       00007DF5 00 00 00 00 00 00 00 00 00 
    94 00007DFE                                 
    95 00007DFE 55 AA                           		DB		0x55, 0xaa
