     1 00000000                                 [FORMAT "WCOFF"]
     2 00000000                                 [INSTRSET "i486p"]
     3 00000000                                 [OPTIMIZE 1]
     4 00000000                                 [OPTION 1]
     5 00000000                                 [BITS 32]
     6 00000000                                 	EXTERN	_font_I.1
     7 00000000                                 	EXTERN	_io_hlt
     8 00000000                                 	EXTERN	_io_load_eflags
     9 00000000                                 	EXTERN	_io_cli
    10 00000000                                 	EXTERN	_io_out8
    11 00000000                                 	EXTERN	_io_store_eflags
    12 00000000                                 [FILE "bootpack.c"]
    13                                          [SECTION .data]
    14 00000000                                 _font_A.0:
    15 00000000 00                              	DB	0
    16 00000001 18                              	DB	24
    17 00000002 18                              	DB	24
    18 00000003 18                              	DB	24
    19 00000004 18                              	DB	24
    20 00000005 24                              	DB	36
    21 00000006 24                              	DB	36
    22 00000007 24                              	DB	36
    23 00000008 24                              	DB	36
    24 00000009 7E                              	DB	126
    25 0000000A 42                              	DB	66
    26 0000000B 42                              	DB	66
    27 0000000C 42                              	DB	66
    28 0000000D E7                              	DB	-25
    29 0000000E 00                              	DB	0
    30 0000000F 00                              	DB	0
    31 00000010                                 _font_I.1:
    32 00000010 00                              	DB	0
    33 00000011 18                              	DB	24
    34 00000012 18                              	DB	24
    35 00000013 18                              	DB	24
    36 00000014 18                              	DB	24
    37 00000015 18                              	DB	24
    38 00000016 18                              	DB	24
    39 00000017 18                              	DB	24
    40 00000018 18                              	DB	24
    41 00000019 18                              	DB	24
    42 0000001A 18                              	DB	24
    43 0000001B 18                              	DB	24
    44 0000001C 18                              	DB	24
    45 0000001D 18                              	DB	24
    46 0000001E 00                              	DB	0
    47 0000001F 00                              	DB	0
    48                                          [SECTION .text]
    49 00000000                                 	GLOBAL	_HariMain
    50 00000000                                 _HariMain:
    51 00000000 55                              	PUSH	EBP
    52 00000001 89 E5                           	MOV	EBP,ESP
    53 00000003 E8 00000043                     	CALL	_init_palette
    54 00000008 0F BF 05 00000FF6               	MOVSX	EAX,WORD [4086]
    55 0000000F 50                              	PUSH	EAX
    56 00000010 0F BF 05 00000FF4               	MOVSX	EAX,WORD [4084]
    57 00000017 50                              	PUSH	EAX
    58 00000018 FF 35 00000FF8                  	PUSH	DWORD [4088]
    59 0000001E E8 00000114                     	CALL	_init_screen
    60 00000023 68 [00000010]                   	PUSH	_font_I.1
    61 00000028 6A 07                           	PUSH	7
    62 0000002A 6A 0A                           	PUSH	10
    63 0000002C 6A 0A                           	PUSH	10
    64 0000002E 0F BF 05 00000FF4               	MOVSX	EAX,WORD [4084]
    65 00000035 50                              	PUSH	EAX
    66 00000036 FF 35 00000FF8                  	PUSH	DWORD [4088]
    67 0000003C E8 00000281                     	CALL	_putfont8
    68 00000041 83 C4 24                        	ADD	ESP,36
    69 00000044                                 L2:
    70 00000044 E8 [00000000]                   	CALL	_io_hlt
    71 00000049 EB F9                           	JMP	L2
    72                                          [SECTION .data]
    73 00000020                                 _table_rgb.2:
    74 00000020 00                              	DB	0
    75 00000021 00                              	DB	0
    76 00000022 00                              	DB	0
    77 00000023 FF                              	DB	-1
    78 00000024 00                              	DB	0
    79 00000025 00                              	DB	0
    80 00000026 00                              	DB	0
    81 00000027 FF                              	DB	-1
    82 00000028 00                              	DB	0
    83 00000029 FF                              	DB	-1
    84 0000002A FF                              	DB	-1
    85 0000002B 00                              	DB	0
    86 0000002C 00                              	DB	0
    87 0000002D 00                              	DB	0
    88 0000002E FF                              	DB	-1
    89 0000002F FF                              	DB	-1
    90 00000030 00                              	DB	0
    91 00000031 FF                              	DB	-1
    92 00000032 00                              	DB	0
    93 00000033 FF                              	DB	-1
    94 00000034 FF                              	DB	-1
    95 00000035 FF                              	DB	-1
    96 00000036 FF                              	DB	-1
    97 00000037 FF                              	DB	-1
    98 00000038 C6                              	DB	-58
    99 00000039 C6                              	DB	-58
   100 0000003A C6                              	DB	-58
   101 0000003B 84                              	DB	-124
   102 0000003C 00                              	DB	0
   103 0000003D 00                              	DB	0
   104 0000003E 00                              	DB	0
   105 0000003F 84                              	DB	-124
   106 00000040 00                              	DB	0
   107 00000041 84                              	DB	-124
   108 00000042 84                              	DB	-124
   109 00000043 00                              	DB	0
   110 00000044 00                              	DB	0
   111 00000045 00                              	DB	0
   112 00000046 84                              	DB	-124
   113 00000047 84                              	DB	-124
   114 00000048 00                              	DB	0
   115 00000049 84                              	DB	-124
   116 0000004A 00                              	DB	0
   117 0000004B 84                              	DB	-124
   118 0000004C 84                              	DB	-124
   119 0000004D 84                              	DB	-124
   120 0000004E 84                              	DB	-124
   121 0000004F 84                              	DB	-124
   122                                          [SECTION .text]
   123 0000004B                                 	GLOBAL	_init_palette
   124 0000004B                                 _init_palette:
   125 0000004B 55                              	PUSH	EBP
   126 0000004C 89 E5                           	MOV	EBP,ESP
   127 0000004E 68 [00000020]                   	PUSH	_table_rgb.2
   128 00000053 6A 0F                           	PUSH	15
   129 00000055 6A 00                           	PUSH	0
   130 00000057 E8 00000002                     	CALL	_set_palette
   131 0000005C C9                              	LEAVE
   132 0000005D C3                              	RET
   133 0000005E                                 	GLOBAL	_set_palette
   134 0000005E                                 _set_palette:
   135 0000005E 55                              	PUSH	EBP
   136 0000005F 89 E5                           	MOV	EBP,ESP
   137 00000061 57                              	PUSH	EDI
   138 00000062 56                              	PUSH	ESI
   139 00000063 53                              	PUSH	EBX
   140 00000064 51                              	PUSH	ECX
   141 00000065 8B 5D 08                        	MOV	EBX,DWORD [8+EBP]
   142 00000068 8B 7D 0C                        	MOV	EDI,DWORD [12+EBP]
   143 0000006B 8B 75 10                        	MOV	ESI,DWORD [16+EBP]
   144 0000006E E8 [00000000]                   	CALL	_io_load_eflags
   145 00000073 89 45 F0                        	MOV	DWORD [-16+EBP],EAX
   146 00000076 E8 [00000000]                   	CALL	_io_cli
   147 0000007B 53                              	PUSH	EBX
   148 0000007C 68 000003C8                     	PUSH	968
   149 00000081 E8 [00000000]                   	CALL	_io_out8
   150 00000086 39 FB                           	CMP	EBX,EDI
   151 00000088 58                              	POP	EAX
   152 00000089 5A                              	POP	EDX
   153 0000008A 7E 12                           	JLE	L11
   154 0000008C                                 L13:
   155 0000008C 8B 45 F0                        	MOV	EAX,DWORD [-16+EBP]
   156 0000008F 89 45 08                        	MOV	DWORD [8+EBP],EAX
   157 00000092 8D 65 F4                        	LEA	ESP,DWORD [-12+EBP]
   158 00000095 5B                              	POP	EBX
   159 00000096 5E                              	POP	ESI
   160 00000097 5F                              	POP	EDI
   161 00000098 5D                              	POP	EBP
   162 00000099 E9 [00000000]                   	JMP	_io_store_eflags
   163 0000009E                                 L11:
   164 0000009E 8A 06                           	MOV	AL,BYTE [ESI]
   165 000000A0 43                              	INC	EBX
   166 000000A1 C0 E8 02                        	SHR	AL,2
   167 000000A4 0F B6 C0                        	MOVZX	EAX,AL
   168 000000A7 50                              	PUSH	EAX
   169 000000A8 68 000003C9                     	PUSH	969
   170 000000AD E8 [00000000]                   	CALL	_io_out8
   171 000000B2 8A 46 01                        	MOV	AL,BYTE [1+ESI]
   172 000000B5 C0 E8 02                        	SHR	AL,2
   173 000000B8 0F B6 C0                        	MOVZX	EAX,AL
   174 000000BB 50                              	PUSH	EAX
   175 000000BC 68 000003C9                     	PUSH	969
   176 000000C1 E8 [00000000]                   	CALL	_io_out8
   177 000000C6 8A 46 02                        	MOV	AL,BYTE [2+ESI]
   178 000000C9 C0 E8 02                        	SHR	AL,2
   179 000000CC 83 C6 03                        	ADD	ESI,3
   180 000000CF 0F B6 C0                        	MOVZX	EAX,AL
   181 000000D2 50                              	PUSH	EAX
   182 000000D3 68 000003C9                     	PUSH	969
   183 000000D8 E8 [00000000]                   	CALL	_io_out8
   184 000000DD 83 C4 18                        	ADD	ESP,24
   185 000000E0 39 FB                           	CMP	EBX,EDI
   186 000000E2 7E BA                           	JLE	L11
   187 000000E4 EB A6                           	JMP	L13
   188 000000E6                                 	GLOBAL	_boxfill8
   189 000000E6                                 _boxfill8:
   190 000000E6 55                              	PUSH	EBP
   191 000000E7 89 E5                           	MOV	EBP,ESP
   192 000000E9 57                              	PUSH	EDI
   193 000000EA 56                              	PUSH	ESI
   194 000000EB 53                              	PUSH	EBX
   195 000000EC 57                              	PUSH	EDI
   196 000000ED 57                              	PUSH	EDI
   197 000000EE 8A 45 10                        	MOV	AL,BYTE [16+EBP]
   198 000000F1 8B 4D 18                        	MOV	ECX,DWORD [24+EBP]
   199 000000F4 8B 7D 1C                        	MOV	EDI,DWORD [28+EBP]
   200 000000F7 88 45 F3                        	MOV	BYTE [-13+EBP],AL
   201 000000FA 3B 4D 20                        	CMP	ECX,DWORD [32+EBP]
   202 000000FD 7F 31                           	JG	L26
   203 000000FF 8B 5D 0C                        	MOV	EBX,DWORD [12+EBP]
   204 00000102 0F AF D9                        	IMUL	EBX,ECX
   205 00000105                                 L24:
   206 00000105 8B 55 14                        	MOV	EDX,DWORD [20+EBP]
   207 00000108 39 FA                           	CMP	EDX,EDI
   208 0000010A 7F 1B                           	JG	L28
   209 0000010C 8B 75 08                        	MOV	ESI,DWORD [8+EBP]
   210 0000010F 01 DE                           	ADD	ESI,EBX
   211 00000111 01 D6                           	ADD	ESI,EDX
   212 00000113 89 75 EC                        	MOV	DWORD [-20+EBP],ESI
   213 00000116                                 L23:
   214 00000116 8B 75 EC                        	MOV	ESI,DWORD [-20+EBP]
   215 00000119 8A 45 F3                        	MOV	AL,BYTE [-13+EBP]
   216 0000011C 42                              	INC	EDX
   217 0000011D 88 06                           	MOV	BYTE [ESI],AL
   218 0000011F 46                              	INC	ESI
   219 00000120 89 75 EC                        	MOV	DWORD [-20+EBP],ESI
   220 00000123 39 FA                           	CMP	EDX,EDI
   221 00000125 7E EF                           	JLE	L23
   222 00000127                                 L28:
   223 00000127 41                              	INC	ECX
   224 00000128 03 5D 0C                        	ADD	EBX,DWORD [12+EBP]
   225 0000012B 3B 4D 20                        	CMP	ECX,DWORD [32+EBP]
   226 0000012E 7E D5                           	JLE	L24
   227 00000130                                 L26:
   228 00000130 5B                              	POP	EBX
   229 00000131 5E                              	POP	ESI
   230 00000132 5B                              	POP	EBX
   231 00000133 5E                              	POP	ESI
   232 00000134 5F                              	POP	EDI
   233 00000135 5D                              	POP	EBP
   234 00000136 C3                              	RET
   235 00000137                                 	GLOBAL	_init_screen
   236 00000137                                 _init_screen:
   237 00000137 55                              	PUSH	EBP
   238 00000138 89 E5                           	MOV	EBP,ESP
   239 0000013A 57                              	PUSH	EDI
   240 0000013B 56                              	PUSH	ESI
   241 0000013C 53                              	PUSH	EBX
   242 0000013D 83 EC 0C                        	SUB	ESP,12
   243 00000140 8B 45 10                        	MOV	EAX,DWORD [16+EBP]
   244 00000143 8B 7D 0C                        	MOV	EDI,DWORD [12+EBP]
   245 00000146 83 E8 1D                        	SUB	EAX,29
   246 00000149 4F                              	DEC	EDI
   247 0000014A 50                              	PUSH	EAX
   248 0000014B 57                              	PUSH	EDI
   249 0000014C 6A 00                           	PUSH	0
   250 0000014E 6A 00                           	PUSH	0
   251 00000150 6A 0E                           	PUSH	14
   252 00000152 FF 75 0C                        	PUSH	DWORD [12+EBP]
   253 00000155 FF 75 08                        	PUSH	DWORD [8+EBP]
   254 00000158 E8 FFFFFF89                     	CALL	_boxfill8
   255 0000015D 8B 45 10                        	MOV	EAX,DWORD [16+EBP]
   256 00000160 83 E8 1C                        	SUB	EAX,28
   257 00000163 50                              	PUSH	EAX
   258 00000164 57                              	PUSH	EDI
   259 00000165 50                              	PUSH	EAX
   260 00000166 6A 00                           	PUSH	0
   261 00000168 6A 08                           	PUSH	8
   262 0000016A FF 75 0C                        	PUSH	DWORD [12+EBP]
   263 0000016D FF 75 08                        	PUSH	DWORD [8+EBP]
   264 00000170 E8 FFFFFF71                     	CALL	_boxfill8
   265 00000175 8B 45 10                        	MOV	EAX,DWORD [16+EBP]
   266 00000178 83 C4 38                        	ADD	ESP,56
   267 0000017B 83 E8 1B                        	SUB	EAX,27
   268 0000017E 50                              	PUSH	EAX
   269 0000017F 57                              	PUSH	EDI
   270 00000180 50                              	PUSH	EAX
   271 00000181 6A 00                           	PUSH	0
   272 00000183 6A 07                           	PUSH	7
   273 00000185 FF 75 0C                        	PUSH	DWORD [12+EBP]
   274 00000188 FF 75 08                        	PUSH	DWORD [8+EBP]
   275 0000018B E8 FFFFFF56                     	CALL	_boxfill8
   276 00000190 8B 45 10                        	MOV	EAX,DWORD [16+EBP]
   277 00000193 48                              	DEC	EAX
   278 00000194 50                              	PUSH	EAX
   279 00000195 8B 45 10                        	MOV	EAX,DWORD [16+EBP]
   280 00000198 57                              	PUSH	EDI
   281 00000199 83 E8 1A                        	SUB	EAX,26
   282 0000019C 50                              	PUSH	EAX
   283 0000019D 6A 00                           	PUSH	0
   284 0000019F 6A 08                           	PUSH	8
   285 000001A1 FF 75 0C                        	PUSH	DWORD [12+EBP]
   286 000001A4 FF 75 08                        	PUSH	DWORD [8+EBP]
   287 000001A7 E8 FFFFFF3A                     	CALL	_boxfill8
   288 000001AC 8B 75 10                        	MOV	ESI,DWORD [16+EBP]
   289 000001AF 83 C4 38                        	ADD	ESP,56
   290 000001B2 83 EE 18                        	SUB	ESI,24
   291 000001B5 56                              	PUSH	ESI
   292 000001B6 6A 3B                           	PUSH	59
   293 000001B8 56                              	PUSH	ESI
   294 000001B9 6A 03                           	PUSH	3
   295 000001BB 6A 07                           	PUSH	7
   296 000001BD FF 75 0C                        	PUSH	DWORD [12+EBP]
   297 000001C0 FF 75 08                        	PUSH	DWORD [8+EBP]
   298 000001C3 E8 FFFFFF1E                     	CALL	_boxfill8
   299 000001C8 8B 45 10                        	MOV	EAX,DWORD [16+EBP]
   300 000001CB 83 E8 04                        	SUB	EAX,4
   301 000001CE 50                              	PUSH	EAX
   302 000001CF 89 45 F0                        	MOV	DWORD [-16+EBP],EAX
   303 000001D2 6A 02                           	PUSH	2
   304 000001D4 56                              	PUSH	ESI
   305 000001D5 6A 02                           	PUSH	2
   306 000001D7 6A 07                           	PUSH	7
   307 000001D9 FF 75 0C                        	PUSH	DWORD [12+EBP]
   308 000001DC FF 75 08                        	PUSH	DWORD [8+EBP]
   309 000001DF E8 FFFFFF02                     	CALL	_boxfill8
   310 000001E4 83 C4 38                        	ADD	ESP,56
   311 000001E7 FF 75 F0                        	PUSH	DWORD [-16+EBP]
   312 000001EA 6A 3B                           	PUSH	59
   313 000001EC FF 75 F0                        	PUSH	DWORD [-16+EBP]
   314 000001EF 6A 03                           	PUSH	3
   315 000001F1 6A 0F                           	PUSH	15
   316 000001F3 FF 75 0C                        	PUSH	DWORD [12+EBP]
   317 000001F6 FF 75 08                        	PUSH	DWORD [8+EBP]
   318 000001F9 E8 FFFFFEE8                     	CALL	_boxfill8
   319 000001FE 8B 45 10                        	MOV	EAX,DWORD [16+EBP]
   320 00000201 83 E8 05                        	SUB	EAX,5
   321 00000204 50                              	PUSH	EAX
   322 00000205 8B 45 10                        	MOV	EAX,DWORD [16+EBP]
   323 00000208 6A 3B                           	PUSH	59
   324 0000020A 83 E8 17                        	SUB	EAX,23
   325 0000020D 50                              	PUSH	EAX
   326 0000020E 89 45 EC                        	MOV	DWORD [-20+EBP],EAX
   327 00000211 6A 3B                           	PUSH	59
   328 00000213 6A 0F                           	PUSH	15
   329 00000215 FF 75 0C                        	PUSH	DWORD [12+EBP]
   330 00000218 FF 75 08                        	PUSH	DWORD [8+EBP]
   331 0000021B E8 FFFFFEC6                     	CALL	_boxfill8
   332 00000220 8B 45 10                        	MOV	EAX,DWORD [16+EBP]
   333 00000223 83 C4 38                        	ADD	ESP,56
   334 00000226 83 E8 03                        	SUB	EAX,3
   335 00000229 89 45 E8                        	MOV	DWORD [-24+EBP],EAX
   336 0000022C 50                              	PUSH	EAX
   337 0000022D 6A 3B                           	PUSH	59
   338 0000022F 50                              	PUSH	EAX
   339 00000230 6A 02                           	PUSH	2
   340 00000232 6A 00                           	PUSH	0
   341 00000234 FF 75 0C                        	PUSH	DWORD [12+EBP]
   342 00000237 FF 75 08                        	PUSH	DWORD [8+EBP]
   343 0000023A E8 FFFFFEA7                     	CALL	_boxfill8
   344 0000023F FF 75 E8                        	PUSH	DWORD [-24+EBP]
   345 00000242 6A 3C                           	PUSH	60
   346 00000244 56                              	PUSH	ESI
   347 00000245 6A 3C                           	PUSH	60
   348 00000247 6A 00                           	PUSH	0
   349 00000249 FF 75 0C                        	PUSH	DWORD [12+EBP]
   350 0000024C FF 75 08                        	PUSH	DWORD [8+EBP]
   351 0000024F E8 FFFFFE92                     	CALL	_boxfill8
   352 00000254 8B 7D 0C                        	MOV	EDI,DWORD [12+EBP]
   353 00000257 83 C4 38                        	ADD	ESP,56
   354 0000025A 8B 5D 0C                        	MOV	EBX,DWORD [12+EBP]
   355 0000025D 83 EB 04                        	SUB	EBX,4
   356 00000260 83 EF 2F                        	SUB	EDI,47
   357 00000263 56                              	PUSH	ESI
   358 00000264 53                              	PUSH	EBX
   359 00000265 56                              	PUSH	ESI
   360 00000266 57                              	PUSH	EDI
   361 00000267 6A 0F                           	PUSH	15
   362 00000269 FF 75 0C                        	PUSH	DWORD [12+EBP]
   363 0000026C FF 75 08                        	PUSH	DWORD [8+EBP]
   364 0000026F E8 FFFFFE72                     	CALL	_boxfill8
   365 00000274 FF 75 F0                        	PUSH	DWORD [-16+EBP]
   366 00000277 57                              	PUSH	EDI
   367 00000278 FF 75 EC                        	PUSH	DWORD [-20+EBP]
   368 0000027B 57                              	PUSH	EDI
   369 0000027C 6A 0F                           	PUSH	15
   370 0000027E FF 75 0C                        	PUSH	DWORD [12+EBP]
   371 00000281 FF 75 08                        	PUSH	DWORD [8+EBP]
   372 00000284 E8 FFFFFE5D                     	CALL	_boxfill8
   373 00000289 83 C4 38                        	ADD	ESP,56
   374 0000028C FF 75 E8                        	PUSH	DWORD [-24+EBP]
   375 0000028F 53                              	PUSH	EBX
   376 00000290 FF 75 E8                        	PUSH	DWORD [-24+EBP]
   377 00000293 57                              	PUSH	EDI
   378 00000294 6A 07                           	PUSH	7
   379 00000296 FF 75 0C                        	PUSH	DWORD [12+EBP]
   380 00000299 FF 75 08                        	PUSH	DWORD [8+EBP]
   381 0000029C E8 FFFFFE45                     	CALL	_boxfill8
   382 000002A1 8B 45 0C                        	MOV	EAX,DWORD [12+EBP]
   383 000002A4 FF 75 E8                        	PUSH	DWORD [-24+EBP]
   384 000002A7 83 E8 03                        	SUB	EAX,3
   385 000002AA 50                              	PUSH	EAX
   386 000002AB 56                              	PUSH	ESI
   387 000002AC 50                              	PUSH	EAX
   388 000002AD 6A 07                           	PUSH	7
   389 000002AF FF 75 0C                        	PUSH	DWORD [12+EBP]
   390 000002B2 FF 75 08                        	PUSH	DWORD [8+EBP]
   391 000002B5 E8 FFFFFE2C                     	CALL	_boxfill8
   392 000002BA 8D 65 F4                        	LEA	ESP,DWORD [-12+EBP]
   393 000002BD 5B                              	POP	EBX
   394 000002BE 5E                              	POP	ESI
   395 000002BF 5F                              	POP	EDI
   396 000002C0 5D                              	POP	EBP
   397 000002C1 C3                              	RET
   398 000002C2                                 	GLOBAL	_putfont8
   399 000002C2                                 _putfont8:
   400 000002C2 55                              	PUSH	EBP
   401 000002C3 89 E5                           	MOV	EBP,ESP
   402 000002C5 57                              	PUSH	EDI
   403 000002C6 56                              	PUSH	ESI
   404 000002C7 31 F6                           	XOR	ESI,ESI
   405 000002C9 53                              	PUSH	EBX
   406 000002CA 8B 7D 1C                        	MOV	EDI,DWORD [28+EBP]
   407 000002CD 8A 5D 18                        	MOV	BL,BYTE [24+EBP]
   408 000002D0                                 L43:
   409 000002D0 8B 45 14                        	MOV	EAX,DWORD [20+EBP]
   410 000002D3 8B 55 10                        	MOV	EDX,DWORD [16+EBP]
   411 000002D6 01 F0                           	ADD	EAX,ESI
   412 000002D8 0F AF 45 0C                     	IMUL	EAX,DWORD [12+EBP]
   413 000002DC 03 45 08                        	ADD	EAX,DWORD [8+EBP]
   414 000002DF 8D 0C 02                        	LEA	ECX,DWORD [EDX+EAX*1]
   415 000002E2 8A 14 3E                        	MOV	DL,BYTE [ESI+EDI*1]
   416 000002E5 84 D2                           	TEST	DL,DL
   417 000002E7 79 02                           	JNS	L35
   418 000002E9 88 19                           	MOV	BYTE [ECX],BL
   419 000002EB                                 L35:
   420 000002EB 88 D0                           	MOV	AL,DL
   421 000002ED 83 E0 40                        	AND	EAX,64
   422 000002F0 84 C0                           	TEST	AL,AL
   423 000002F2 74 03                           	JE	L36
   424 000002F4 88 59 01                        	MOV	BYTE [1+ECX],BL
   425 000002F7                                 L36:
   426 000002F7 88 D0                           	MOV	AL,DL
   427 000002F9 83 E0 20                        	AND	EAX,32
   428 000002FC 84 C0                           	TEST	AL,AL
   429 000002FE 74 03                           	JE	L37
   430 00000300 88 59 02                        	MOV	BYTE [2+ECX],BL
   431 00000303                                 L37:
   432 00000303 88 D0                           	MOV	AL,DL
   433 00000305 83 E0 10                        	AND	EAX,16
   434 00000308 84 C0                           	TEST	AL,AL
   435 0000030A 74 03                           	JE	L38
   436 0000030C 88 59 03                        	MOV	BYTE [3+ECX],BL
   437 0000030F                                 L38:
   438 0000030F 88 D0                           	MOV	AL,DL
   439 00000311 83 E0 08                        	AND	EAX,8
   440 00000314 84 C0                           	TEST	AL,AL
   441 00000316 74 03                           	JE	L39
   442 00000318 88 59 04                        	MOV	BYTE [4+ECX],BL
   443 0000031B                                 L39:
   444 0000031B 88 D0                           	MOV	AL,DL
   445 0000031D 83 E0 04                        	AND	EAX,4
   446 00000320 84 C0                           	TEST	AL,AL
   447 00000322 74 03                           	JE	L40
   448 00000324 88 59 05                        	MOV	BYTE [5+ECX],BL
   449 00000327                                 L40:
   450 00000327 88 D0                           	MOV	AL,DL
   451 00000329 83 E0 02                        	AND	EAX,2
   452 0000032C 84 C0                           	TEST	AL,AL
   453 0000032E 74 03                           	JE	L41
   454 00000330 88 59 06                        	MOV	BYTE [6+ECX],BL
   455 00000333                                 L41:
   456 00000333 83 E2 01                        	AND	EDX,1
   457 00000336 84 D2                           	TEST	DL,DL
   458 00000338 74 03                           	JE	L33
   459 0000033A 88 59 07                        	MOV	BYTE [7+ECX],BL
   460 0000033D                                 L33:
   461 0000033D 46                              	INC	ESI
   462 0000033E 83 FE 0F                        	CMP	ESI,15
   463 00000341 7E 8D                           	JLE	L43
   464 00000343 5B                              	POP	EBX
   465 00000344 5E                              	POP	ESI
   466 00000345 5F                              	POP	EDI
   467 00000346 5D                              	POP	EBP
   468 00000347 C3                              	RET
