     1 00000000                                 ; haribote-os
     2 00000000                                 ; TAB=4
     3 00000000                                 
     4 00000000                                 ; BOOT_INFO관계
     5  = 00000FF0                              CYLS	EQU		0x0ff0			; boot sector가 설정한다
     6  = 00000FF1                              LEDS	EQU		0x0ff1
     7  = 00000FF2                              VMODE	EQU		0x0ff2			; 색 가지수에 관한 정보.어떤 비트 칼라인가?
     8  = 00000FF4                              SCRNX	EQU		0x0ff4			; 해상도의 X
     9  = 00000FF6                              SCRNY	EQU		0x0ff6			; 해상도의 Y
    10  = 00000FF8                              VRAM	EQU		0x0ff8			; 그래픽 버퍼의 개시 번지
    11 00000000                                 
    12                                          		ORG		0xc200		; 이 프로그램이 어디에 Read되는가
    13 0000C200                                 
    14 0000C200 B0 13                           		MOV		AL, 0x13	; VGA 그래픽스, 320 x200x8bit 칼라
    15 0000C202 B4 00                           		MOV		AH,0x00
    16 0000C204 CD 10                           		INT		0x10
    17 0000C206 C6 06 0FF2 08                   		MOV		BYTE [VMODE], 8	; 화면 모드를 write한다
    18 0000C20B C7 06 0FF4 0140                 		MOV		WORD [SCRNX],320
    19 0000C211 C7 06 0FF6 00C8                 		MOV		WORD [SCRNY],200
    20 0000C217 66 C7 06 0FF8 000A0000          		MOV		DWORD [VRAM],0x000a0000
    21 0000C220                                 
    22 0000C220                                 ; 키보드의 LED상태를 BIOS가 알려준다
    23 0000C220                                 
    24 0000C220 B4 02                           		MOV		AH,0x02
    25 0000C222 CD 16                           		INT		0x16 		; keyboard BIOS
    26 0000C224 A2 0FF1                         		MOV		[LEDS],AL
    27 0000C227                                 
    28 0000C227                                 fin:
    29 0000C227 F4                              		HLT
    30 0000C228 EB FD                           		JMP		fin
