     1 00000000                                 ; hello-os
     2 00000000                                 ; TAB=4
     3 00000000                                 
     4                                          		ORG		0x7c00			; 이 프로그램이 어디에 Read되는가
     5 00007C00                                 
     6 00007C00                                 ; 이하는 표준적인 FAT12 포맷 플로피 디스크를 위한 기술
     7 00007C00                                 
     8 00007C00 EB 4E                           		JMP		entry
     9 00007C02 90                              		DB		0x90
    10 00007C03 48 45 4C 4C 4F 49 50 4C         		DB		"HELLOIPL"		; boot sector의 이름을 자유롭게 써도 좋다(8바이트)
    11 00007C0B 0200                            		DW		512			; 1섹터 크기(512로 해야 함)
    12 00007C0D 01                              		DB		1			; 클러스터 크기(1섹터로 해야 함)
    13 00007C0E 0001                            		DW		1			; FAT가 어디에서 시작될까(보통은 1 섹터째부터)
    14 00007C10 02                              		DB		2			; FAT 개수(2로 해야 함)
    15 00007C11 00E0                            		DW		224			; 루트 디렉토리 영역의 크기(보통은 224엔트리로 한다)
    16 00007C13 0B40                            		DW		2880			; 드라이브 크기(2880섹터로 해야 함)
    17 00007C15 F0                              		DB		0xf0			; 미디어 타입(0xf0로 해야 함)
    18 00007C16 0009                            		DW		9			; FAT영역 길이(9섹터로 해야 함)
    19 00007C18 0012                            		DW		18			; 1트럭에 몇개의 섹터가 있을까(18로 해야 함)
    20 00007C1A 0002                            		DW		2			; 헤드의 수(2로 하지 않으면 갈 수 없다)
    21 00007C1C 00000000                        		DD		0			; 파티션을 사용하지 않기 때문에 여기는 반드시 0
    22 00007C20 00000B40                        		DD		2880			; 드라이브 크기를 한번 더 write
    23 00007C24 00 00 29                        		DB		0,0,0x29		; 잘 모르지만 이 값으로 해 두면 좋은 것 같다
    24 00007C27 FFFFFFFF                        		DD		0xffffffff		; 아마, 볼륨 시리얼 번호
    25 00007C2B 48 45 4C 4C 4F 2D 4F 53 20 20   		DB		"HELLO-OS   "		; 디스크 이름(11바이트)
       00007C35 20 
    26 00007C36 46 41 54 31 32 20 20 20         		DB		"FAT12   "		; 포맷 이름(8바이트)
    27 00007C3E 00 00 00 00 00 00 00 00 00 00   		RESB	18				; 우선 18바이트를 비어 둔다
       00007C48 00 00 00 00 00 00 00 00 
    28 00007C50                                 
    29 00007C50                                 ; 프로그램 본체
    30 00007C50                                 
    31 00007C50                                 entry:
    32 00007C50 B8 0000                         		MOV		AX, 0			; 레지스터 초기화
    33 00007C53 8E D0                           		MOV		SS,AX
    34 00007C55 BC 7C00                         		MOV		SP,0x7c00
    35 00007C58 8E D8                           		MOV		DS,AX
    36 00007C5A 8E C0                           		MOV		ES,AX
    37 00007C5C                                 
    38 00007C5C BE 7C74                         		MOV		SI,msg
    39 00007C5F                                 putloop:
    40 00007C5F 8A 04                           		MOV		AL,[SI]
    41 00007C61 83 C6 01                        		ADD		SI, 1			; SI에 1을 더한다
    42 00007C64 3C 00                           		CMP		AL,0
    43 00007C66 74 09                           		JE		fin
    44 00007C68 B4 0E                           		MOV		AH, 0x0e		; 한 글자 표시 function
    45 00007C6A BB 000F                         		MOV		BX, 15			; 칼라 코드
    46 00007C6D CD 10                           		INT		0x10			; 비디오 BIOS 호출
    47 00007C6F EB EE                           		JMP		putloop
    48 00007C71                                 fin:
    49 00007C71 F4                              		HLT					; 무엇인가 있을 때까지 CPU를 정지시킨다
    50 00007C72 EB FD                           		JMP		fin			; Endless Loop
    51 00007C74                                 
    52 00007C74                                 msg:
    53 00007C74 0A 0A                           		DB		0x0a, 0x0a		; 개행을 2개
    54 00007C76 48 65 6C 6C 6F 20 57 6F 72 6C   		DB		"Hello World!"
       00007C80 64 21 
    55 00007C82 0A                              		DB		0x0a			; 개행
    56 00007C83 00                              		DB		0
    57 00007C84                                 
    58 00007C84 00 00 00 00 00 00 00 00 00 00   		RESB	0x7dfe-$			; 0x7dfe까지를 0x00로 채우는 명령
       00007C8E 00 00 00 00 00 00 00 00 00 00 
       00007C98 00 00 00 00 00 00 00 00 00 00 
       00007CA2 00 00 00 00 00 00 00 00 00 00 
       00007CAC 00 00 00 00 00 00 00 00 00 00 
       00007CB6 00 00 00 00 00 00 00 00 00 00 
       00007CC0 00 00 00 00 00 00 00 00 00 00 
       00007CCA 00 00 00 00 00 00 00 00 00 00 
       00007CD4 00 00 00 00 00 00 00 00 00 00 
       00007CDE 00 00 00 00 00 00 00 00 00 00 
       00007CE8 00 00 00 00 00 00 00 00 00 00 
       00007CF2 00 00 00 00 00 00 00 00 00 00 
       00007CFC 00 00 00 00 00 00 00 00 00 00 
       00007D06 00 00 00 00 00 00 00 00 00 00 
       00007D10 00 00 00 00 00 00 00 00 00 00 
       00007D1A 00 00 00 00 00 00 00 00 00 00 
       00007D24 00 00 00 00 00 00 00 00 00 00 
       00007D2E 00 00 00 00 00 00 00 00 00 00 
       00007D38 00 00 00 00 00 00 00 00 00 00 
       00007D42 00 00 00 00 00 00 00 00 00 00 
       00007D4C 00 00 00 00 00 00 00 00 00 00 
       00007D56 00 00 00 00 00 00 00 00 00 00 
       00007D60 00 00 00 00 00 00 00 00 00 00 
       00007D6A 00 00 00 00 00 00 00 00 00 00 
       00007D74 00 00 00 00 00 00 00 00 00 00 
       00007D7E 00 00 00 00 00 00 00 00 00 00 
       00007D88 00 00 00 00 00 00 00 00 00 00 
       00007D92 00 00 00 00 00 00 00 00 00 00 
       00007D9C 00 00 00 00 00 00 00 00 00 00 
       00007DA6 00 00 00 00 00 00 00 00 00 00 
       00007DB0 00 00 00 00 00 00 00 00 00 00 
       00007DBA 00 00 00 00 00 00 00 00 00 00 
       00007DC4 00 00 00 00 00 00 00 00 00 00 
       00007DCE 00 00 00 00 00 00 00 00 00 00 
       00007DD8 00 00 00 00 00 00 00 00 00 00 
       00007DE2 00 00 00 00 00 00 00 00 00 00 
       00007DEC 00 00 00 00 00 00 00 00 00 00 
       00007DF6 00 00 00 00 00 00 00 00 
    59 00007DFE                                 
    60 00007DFE 55 AA                           		DB		0x55, 0xaa
