     1 00000000                                 [FORMAT "WCOFF"]
     2 00000000                                 [INSTRSET "i486p"]
     3 00000000                                 [OPTIMIZE 1]
     4 00000000                                 [OPTION 1]
     5 00000000                                 [BITS 32]
     6 00000000                                 	EXTERN	_sprintf
     7 00000000                                 	EXTERN	_io_hlt
     8 00000000                                 	EXTERN	_io_load_eflags
     9 00000000                                 	EXTERN	_io_cli
    10 00000000                                 	EXTERN	_io_out8
    11 00000000                                 	EXTERN	_io_store_eflags
    12 00000000                                 	EXTERN	_hankaku
    13 00000000                                 [FILE "bootpack.c"]
    14                                          [SECTION .data]
    15 00000000                                 LC0:
    16 00000000 41 42 43 20 31 32 33 00         	DB	"ABC 123",0x00
    17 00000008                                 LC1:
    18 00000008 48 61 72 69 62 6F 74 65 20 4F   	DB	"Haribote OS.",0x00
       00000012 53 2E 00 
    19 00000015                                 LC2:
    20 00000015 73 63 72 6E 78 20 3D 20 25 64   	DB	"scrnx = %d",0x00
       0000001F 00 
    21                                          [SECTION .text]
    22 00000000                                 	GLOBAL	_HariMain
    23 00000000                                 _HariMain:
    24 00000000 55                              	PUSH	EBP
    25 00000001 89 E5                           	MOV	EBP,ESP
    26 00000003 53                              	PUSH	EBX
    27 00000004 83 EC 30                        	SUB	ESP,48
    28 00000007 8D 5D CC                        	LEA	EBX,DWORD [-52+EBP]
    29 0000000A E8 000000B2                     	CALL	_init_palette
    30 0000000F 0F BF 05 00000FF6               	MOVSX	EAX,WORD [4086]
    31 00000016 50                              	PUSH	EAX
    32 00000017 0F BF 05 00000FF4               	MOVSX	EAX,WORD [4084]
    33 0000001E 50                              	PUSH	EAX
    34 0000001F FF 35 00000FF8                  	PUSH	DWORD [4088]
    35 00000025 E8 00000183                     	CALL	_init_screen
    36 0000002A 68 [00000000]                   	PUSH	LC0
    37 0000002F 6A 07                           	PUSH	7
    38 00000031 6A 08                           	PUSH	8
    39 00000033 6A 08                           	PUSH	8
    40 00000035 0F BF 05 00000FF4               	MOVSX	EAX,WORD [4084]
    41 0000003C 50                              	PUSH	EAX
    42 0000003D FF 35 00000FF8                  	PUSH	DWORD [4088]
    43 00000043 E8 00000376                     	CALL	_putfonts8_asc
    44 00000048 83 C4 24                        	ADD	ESP,36
    45 0000004B 68 [00000008]                   	PUSH	LC1
    46 00000050 6A 00                           	PUSH	0
    47 00000052 6A 1F                           	PUSH	31
    48 00000054 6A 1F                           	PUSH	31
    49 00000056 0F BF 05 00000FF4               	MOVSX	EAX,WORD [4084]
    50 0000005D 50                              	PUSH	EAX
    51 0000005E FF 35 00000FF8                  	PUSH	DWORD [4088]
    52 00000064 E8 00000355                     	CALL	_putfonts8_asc
    53 00000069 68 [00000008]                   	PUSH	LC1
    54 0000006E 6A 07                           	PUSH	7
    55 00000070 6A 1E                           	PUSH	30
    56 00000072 6A 1E                           	PUSH	30
    57 00000074 0F BF 05 00000FF4               	MOVSX	EAX,WORD [4084]
    58 0000007B 50                              	PUSH	EAX
    59 0000007C FF 35 00000FF8                  	PUSH	DWORD [4088]
    60 00000082 E8 00000337                     	CALL	_putfonts8_asc
    61 00000087 83 C4 30                        	ADD	ESP,48
    62 0000008A 0F BF 05 00000FF4               	MOVSX	EAX,WORD [4084]
    63 00000091 50                              	PUSH	EAX
    64 00000092 68 [00000015]                   	PUSH	LC2
    65 00000097 53                              	PUSH	EBX
    66 00000098 E8 [00000000]                   	CALL	_sprintf
    67 0000009D 53                              	PUSH	EBX
    68 0000009E 6A 07                           	PUSH	7
    69 000000A0 6A 40                           	PUSH	64
    70 000000A2 6A 10                           	PUSH	16
    71 000000A4 0F BF 05 00000FF4               	MOVSX	EAX,WORD [4084]
    72 000000AB 50                              	PUSH	EAX
    73 000000AC FF 35 00000FF8                  	PUSH	DWORD [4088]
    74 000000B2 E8 00000307                     	CALL	_putfonts8_asc
    75 000000B7 83 C4 24                        	ADD	ESP,36
    76 000000BA                                 L2:
    77 000000BA E8 [00000000]                   	CALL	_io_hlt
    78 000000BF EB F9                           	JMP	L2
    79                                          [SECTION .data]
    80 00000020                                 _table_rgb.0:
    81 00000020 00                              	DB	0
    82 00000021 00                              	DB	0
    83 00000022 00                              	DB	0
    84 00000023 FF                              	DB	-1
    85 00000024 00                              	DB	0
    86 00000025 00                              	DB	0
    87 00000026 00                              	DB	0
    88 00000027 FF                              	DB	-1
    89 00000028 00                              	DB	0
    90 00000029 FF                              	DB	-1
    91 0000002A FF                              	DB	-1
    92 0000002B 00                              	DB	0
    93 0000002C 00                              	DB	0
    94 0000002D 00                              	DB	0
    95 0000002E FF                              	DB	-1
    96 0000002F FF                              	DB	-1
    97 00000030 00                              	DB	0
    98 00000031 FF                              	DB	-1
    99 00000032 00                              	DB	0
   100 00000033 FF                              	DB	-1
   101 00000034 FF                              	DB	-1
   102 00000035 FF                              	DB	-1
   103 00000036 FF                              	DB	-1
   104 00000037 FF                              	DB	-1
   105 00000038 C6                              	DB	-58
   106 00000039 C6                              	DB	-58
   107 0000003A C6                              	DB	-58
   108 0000003B 84                              	DB	-124
   109 0000003C 00                              	DB	0
   110 0000003D 00                              	DB	0
   111 0000003E 00                              	DB	0
   112 0000003F 84                              	DB	-124
   113 00000040 00                              	DB	0
   114 00000041 84                              	DB	-124
   115 00000042 84                              	DB	-124
   116 00000043 00                              	DB	0
   117 00000044 00                              	DB	0
   118 00000045 00                              	DB	0
   119 00000046 84                              	DB	-124
   120 00000047 84                              	DB	-124
   121 00000048 00                              	DB	0
   122 00000049 84                              	DB	-124
   123 0000004A 00                              	DB	0
   124 0000004B 84                              	DB	-124
   125 0000004C 84                              	DB	-124
   126 0000004D 84                              	DB	-124
   127 0000004E 84                              	DB	-124
   128 0000004F 84                              	DB	-124
   129                                          [SECTION .text]
   130 000000C1                                 	GLOBAL	_init_palette
   131 000000C1                                 _init_palette:
   132 000000C1 55                              	PUSH	EBP
   133 000000C2 89 E5                           	MOV	EBP,ESP
   134 000000C4 68 [00000020]                   	PUSH	_table_rgb.0
   135 000000C9 6A 0F                           	PUSH	15
   136 000000CB 6A 00                           	PUSH	0
   137 000000CD E8 00000002                     	CALL	_set_palette
   138 000000D2 C9                              	LEAVE
   139 000000D3 C3                              	RET
   140 000000D4                                 	GLOBAL	_set_palette
   141 000000D4                                 _set_palette:
   142 000000D4 55                              	PUSH	EBP
   143 000000D5 89 E5                           	MOV	EBP,ESP
   144 000000D7 57                              	PUSH	EDI
   145 000000D8 56                              	PUSH	ESI
   146 000000D9 53                              	PUSH	EBX
   147 000000DA 51                              	PUSH	ECX
   148 000000DB 8B 5D 08                        	MOV	EBX,DWORD [8+EBP]
   149 000000DE 8B 7D 0C                        	MOV	EDI,DWORD [12+EBP]
   150 000000E1 8B 75 10                        	MOV	ESI,DWORD [16+EBP]
   151 000000E4 E8 [00000000]                   	CALL	_io_load_eflags
   152 000000E9 89 45 F0                        	MOV	DWORD [-16+EBP],EAX
   153 000000EC E8 [00000000]                   	CALL	_io_cli
   154 000000F1 53                              	PUSH	EBX
   155 000000F2 68 000003C8                     	PUSH	968
   156 000000F7 E8 [00000000]                   	CALL	_io_out8
   157 000000FC 39 FB                           	CMP	EBX,EDI
   158 000000FE 58                              	POP	EAX
   159 000000FF 5A                              	POP	EDX
   160 00000100 7E 12                           	JLE	L11
   161 00000102                                 L13:
   162 00000102 8B 45 F0                        	MOV	EAX,DWORD [-16+EBP]
   163 00000105 89 45 08                        	MOV	DWORD [8+EBP],EAX
   164 00000108 8D 65 F4                        	LEA	ESP,DWORD [-12+EBP]
   165 0000010B 5B                              	POP	EBX
   166 0000010C 5E                              	POP	ESI
   167 0000010D 5F                              	POP	EDI
   168 0000010E 5D                              	POP	EBP
   169 0000010F E9 [00000000]                   	JMP	_io_store_eflags
   170 00000114                                 L11:
   171 00000114 8A 06                           	MOV	AL,BYTE [ESI]
   172 00000116 43                              	INC	EBX
   173 00000117 C0 E8 02                        	SHR	AL,2
   174 0000011A 0F B6 C0                        	MOVZX	EAX,AL
   175 0000011D 50                              	PUSH	EAX
   176 0000011E 68 000003C9                     	PUSH	969
   177 00000123 E8 [00000000]                   	CALL	_io_out8
   178 00000128 8A 46 01                        	MOV	AL,BYTE [1+ESI]
   179 0000012B C0 E8 02                        	SHR	AL,2
   180 0000012E 0F B6 C0                        	MOVZX	EAX,AL
   181 00000131 50                              	PUSH	EAX
   182 00000132 68 000003C9                     	PUSH	969
   183 00000137 E8 [00000000]                   	CALL	_io_out8
   184 0000013C 8A 46 02                        	MOV	AL,BYTE [2+ESI]
   185 0000013F C0 E8 02                        	SHR	AL,2
   186 00000142 83 C6 03                        	ADD	ESI,3
   187 00000145 0F B6 C0                        	MOVZX	EAX,AL
   188 00000148 50                              	PUSH	EAX
   189 00000149 68 000003C9                     	PUSH	969
   190 0000014E E8 [00000000]                   	CALL	_io_out8
   191 00000153 83 C4 18                        	ADD	ESP,24
   192 00000156 39 FB                           	CMP	EBX,EDI
   193 00000158 7E BA                           	JLE	L11
   194 0000015A EB A6                           	JMP	L13
   195 0000015C                                 	GLOBAL	_boxfill8
   196 0000015C                                 _boxfill8:
   197 0000015C 55                              	PUSH	EBP
   198 0000015D 89 E5                           	MOV	EBP,ESP
   199 0000015F 57                              	PUSH	EDI
   200 00000160 56                              	PUSH	ESI
   201 00000161 53                              	PUSH	EBX
   202 00000162 57                              	PUSH	EDI
   203 00000163 57                              	PUSH	EDI
   204 00000164 8A 45 10                        	MOV	AL,BYTE [16+EBP]
   205 00000167 8B 4D 18                        	MOV	ECX,DWORD [24+EBP]
   206 0000016A 8B 7D 1C                        	MOV	EDI,DWORD [28+EBP]
   207 0000016D 88 45 F3                        	MOV	BYTE [-13+EBP],AL
   208 00000170 3B 4D 20                        	CMP	ECX,DWORD [32+EBP]
   209 00000173 7F 31                           	JG	L26
   210 00000175 8B 5D 0C                        	MOV	EBX,DWORD [12+EBP]
   211 00000178 0F AF D9                        	IMUL	EBX,ECX
   212 0000017B                                 L24:
   213 0000017B 8B 55 14                        	MOV	EDX,DWORD [20+EBP]
   214 0000017E 39 FA                           	CMP	EDX,EDI
   215 00000180 7F 1B                           	JG	L28
   216 00000182 8B 75 08                        	MOV	ESI,DWORD [8+EBP]
   217 00000185 01 DE                           	ADD	ESI,EBX
   218 00000187 01 D6                           	ADD	ESI,EDX
   219 00000189 89 75 EC                        	MOV	DWORD [-20+EBP],ESI
   220 0000018C                                 L23:
   221 0000018C 8B 75 EC                        	MOV	ESI,DWORD [-20+EBP]
   222 0000018F 8A 45 F3                        	MOV	AL,BYTE [-13+EBP]
   223 00000192 42                              	INC	EDX
   224 00000193 88 06                           	MOV	BYTE [ESI],AL
   225 00000195 46                              	INC	ESI
   226 00000196 89 75 EC                        	MOV	DWORD [-20+EBP],ESI
   227 00000199 39 FA                           	CMP	EDX,EDI
   228 0000019B 7E EF                           	JLE	L23
   229 0000019D                                 L28:
   230 0000019D 41                              	INC	ECX
   231 0000019E 03 5D 0C                        	ADD	EBX,DWORD [12+EBP]
   232 000001A1 3B 4D 20                        	CMP	ECX,DWORD [32+EBP]
   233 000001A4 7E D5                           	JLE	L24
   234 000001A6                                 L26:
   235 000001A6 5B                              	POP	EBX
   236 000001A7 5E                              	POP	ESI
   237 000001A8 5B                              	POP	EBX
   238 000001A9 5E                              	POP	ESI
   239 000001AA 5F                              	POP	EDI
   240 000001AB 5D                              	POP	EBP
   241 000001AC C3                              	RET
   242 000001AD                                 	GLOBAL	_init_screen
   243 000001AD                                 _init_screen:
   244 000001AD 55                              	PUSH	EBP
   245 000001AE 89 E5                           	MOV	EBP,ESP
   246 000001B0 57                              	PUSH	EDI
   247 000001B1 56                              	PUSH	ESI
   248 000001B2 53                              	PUSH	EBX
   249 000001B3 83 EC 0C                        	SUB	ESP,12
   250 000001B6 8B 45 10                        	MOV	EAX,DWORD [16+EBP]
   251 000001B9 8B 7D 0C                        	MOV	EDI,DWORD [12+EBP]
   252 000001BC 83 E8 1D                        	SUB	EAX,29
   253 000001BF 4F                              	DEC	EDI
   254 000001C0 50                              	PUSH	EAX
   255 000001C1 57                              	PUSH	EDI
   256 000001C2 6A 00                           	PUSH	0
   257 000001C4 6A 00                           	PUSH	0
   258 000001C6 6A 0E                           	PUSH	14
   259 000001C8 FF 75 0C                        	PUSH	DWORD [12+EBP]
   260 000001CB FF 75 08                        	PUSH	DWORD [8+EBP]
   261 000001CE E8 FFFFFF89                     	CALL	_boxfill8
   262 000001D3 8B 45 10                        	MOV	EAX,DWORD [16+EBP]
   263 000001D6 83 E8 1C                        	SUB	EAX,28
   264 000001D9 50                              	PUSH	EAX
   265 000001DA 57                              	PUSH	EDI
   266 000001DB 50                              	PUSH	EAX
   267 000001DC 6A 00                           	PUSH	0
   268 000001DE 6A 08                           	PUSH	8
   269 000001E0 FF 75 0C                        	PUSH	DWORD [12+EBP]
   270 000001E3 FF 75 08                        	PUSH	DWORD [8+EBP]
   271 000001E6 E8 FFFFFF71                     	CALL	_boxfill8
   272 000001EB 8B 45 10                        	MOV	EAX,DWORD [16+EBP]
   273 000001EE 83 C4 38                        	ADD	ESP,56
   274 000001F1 83 E8 1B                        	SUB	EAX,27
   275 000001F4 50                              	PUSH	EAX
   276 000001F5 57                              	PUSH	EDI
   277 000001F6 50                              	PUSH	EAX
   278 000001F7 6A 00                           	PUSH	0
   279 000001F9 6A 07                           	PUSH	7
   280 000001FB FF 75 0C                        	PUSH	DWORD [12+EBP]
   281 000001FE FF 75 08                        	PUSH	DWORD [8+EBP]
   282 00000201 E8 FFFFFF56                     	CALL	_boxfill8
   283 00000206 8B 45 10                        	MOV	EAX,DWORD [16+EBP]
   284 00000209 48                              	DEC	EAX
   285 0000020A 50                              	PUSH	EAX
   286 0000020B 8B 45 10                        	MOV	EAX,DWORD [16+EBP]
   287 0000020E 57                              	PUSH	EDI
   288 0000020F 83 E8 1A                        	SUB	EAX,26
   289 00000212 50                              	PUSH	EAX
   290 00000213 6A 00                           	PUSH	0
   291 00000215 6A 08                           	PUSH	8
   292 00000217 FF 75 0C                        	PUSH	DWORD [12+EBP]
   293 0000021A FF 75 08                        	PUSH	DWORD [8+EBP]
   294 0000021D E8 FFFFFF3A                     	CALL	_boxfill8
   295 00000222 8B 75 10                        	MOV	ESI,DWORD [16+EBP]
   296 00000225 83 C4 38                        	ADD	ESP,56
   297 00000228 83 EE 18                        	SUB	ESI,24
   298 0000022B 56                              	PUSH	ESI
   299 0000022C 6A 3B                           	PUSH	59
   300 0000022E 56                              	PUSH	ESI
   301 0000022F 6A 03                           	PUSH	3
   302 00000231 6A 07                           	PUSH	7
   303 00000233 FF 75 0C                        	PUSH	DWORD [12+EBP]
   304 00000236 FF 75 08                        	PUSH	DWORD [8+EBP]
   305 00000239 E8 FFFFFF1E                     	CALL	_boxfill8
   306 0000023E 8B 45 10                        	MOV	EAX,DWORD [16+EBP]
   307 00000241 83 E8 04                        	SUB	EAX,4
   308 00000244 50                              	PUSH	EAX
   309 00000245 89 45 F0                        	MOV	DWORD [-16+EBP],EAX
   310 00000248 6A 02                           	PUSH	2
   311 0000024A 56                              	PUSH	ESI
   312 0000024B 6A 02                           	PUSH	2
   313 0000024D 6A 07                           	PUSH	7
   314 0000024F FF 75 0C                        	PUSH	DWORD [12+EBP]
   315 00000252 FF 75 08                        	PUSH	DWORD [8+EBP]
   316 00000255 E8 FFFFFF02                     	CALL	_boxfill8
   317 0000025A 83 C4 38                        	ADD	ESP,56
   318 0000025D FF 75 F0                        	PUSH	DWORD [-16+EBP]
   319 00000260 6A 3B                           	PUSH	59
   320 00000262 FF 75 F0                        	PUSH	DWORD [-16+EBP]
   321 00000265 6A 03                           	PUSH	3
   322 00000267 6A 0F                           	PUSH	15
   323 00000269 FF 75 0C                        	PUSH	DWORD [12+EBP]
   324 0000026C FF 75 08                        	PUSH	DWORD [8+EBP]
   325 0000026F E8 FFFFFEE8                     	CALL	_boxfill8
   326 00000274 8B 45 10                        	MOV	EAX,DWORD [16+EBP]
   327 00000277 83 E8 05                        	SUB	EAX,5
   328 0000027A 50                              	PUSH	EAX
   329 0000027B 8B 45 10                        	MOV	EAX,DWORD [16+EBP]
   330 0000027E 6A 3B                           	PUSH	59
   331 00000280 83 E8 17                        	SUB	EAX,23
   332 00000283 50                              	PUSH	EAX
   333 00000284 89 45 EC                        	MOV	DWORD [-20+EBP],EAX
   334 00000287 6A 3B                           	PUSH	59
   335 00000289 6A 0F                           	PUSH	15
   336 0000028B FF 75 0C                        	PUSH	DWORD [12+EBP]
   337 0000028E FF 75 08                        	PUSH	DWORD [8+EBP]
   338 00000291 E8 FFFFFEC6                     	CALL	_boxfill8
   339 00000296 8B 45 10                        	MOV	EAX,DWORD [16+EBP]
   340 00000299 83 C4 38                        	ADD	ESP,56
   341 0000029C 83 E8 03                        	SUB	EAX,3
   342 0000029F 89 45 E8                        	MOV	DWORD [-24+EBP],EAX
   343 000002A2 50                              	PUSH	EAX
   344 000002A3 6A 3B                           	PUSH	59
   345 000002A5 50                              	PUSH	EAX
   346 000002A6 6A 02                           	PUSH	2
   347 000002A8 6A 00                           	PUSH	0
   348 000002AA FF 75 0C                        	PUSH	DWORD [12+EBP]
   349 000002AD FF 75 08                        	PUSH	DWORD [8+EBP]
   350 000002B0 E8 FFFFFEA7                     	CALL	_boxfill8
   351 000002B5 FF 75 E8                        	PUSH	DWORD [-24+EBP]
   352 000002B8 6A 3C                           	PUSH	60
   353 000002BA 56                              	PUSH	ESI
   354 000002BB 6A 3C                           	PUSH	60
   355 000002BD 6A 00                           	PUSH	0
   356 000002BF FF 75 0C                        	PUSH	DWORD [12+EBP]
   357 000002C2 FF 75 08                        	PUSH	DWORD [8+EBP]
   358 000002C5 E8 FFFFFE92                     	CALL	_boxfill8
   359 000002CA 8B 7D 0C                        	MOV	EDI,DWORD [12+EBP]
   360 000002CD 83 C4 38                        	ADD	ESP,56
   361 000002D0 8B 5D 0C                        	MOV	EBX,DWORD [12+EBP]
   362 000002D3 83 EB 04                        	SUB	EBX,4
   363 000002D6 83 EF 2F                        	SUB	EDI,47
   364 000002D9 56                              	PUSH	ESI
   365 000002DA 53                              	PUSH	EBX
   366 000002DB 56                              	PUSH	ESI
   367 000002DC 57                              	PUSH	EDI
   368 000002DD 6A 0F                           	PUSH	15
   369 000002DF FF 75 0C                        	PUSH	DWORD [12+EBP]
   370 000002E2 FF 75 08                        	PUSH	DWORD [8+EBP]
   371 000002E5 E8 FFFFFE72                     	CALL	_boxfill8
   372 000002EA FF 75 F0                        	PUSH	DWORD [-16+EBP]
   373 000002ED 57                              	PUSH	EDI
   374 000002EE FF 75 EC                        	PUSH	DWORD [-20+EBP]
   375 000002F1 57                              	PUSH	EDI
   376 000002F2 6A 0F                           	PUSH	15
   377 000002F4 FF 75 0C                        	PUSH	DWORD [12+EBP]
   378 000002F7 FF 75 08                        	PUSH	DWORD [8+EBP]
   379 000002FA E8 FFFFFE5D                     	CALL	_boxfill8
   380 000002FF 83 C4 38                        	ADD	ESP,56
   381 00000302 FF 75 E8                        	PUSH	DWORD [-24+EBP]
   382 00000305 53                              	PUSH	EBX
   383 00000306 FF 75 E8                        	PUSH	DWORD [-24+EBP]
   384 00000309 57                              	PUSH	EDI
   385 0000030A 6A 07                           	PUSH	7
   386 0000030C FF 75 0C                        	PUSH	DWORD [12+EBP]
   387 0000030F FF 75 08                        	PUSH	DWORD [8+EBP]
   388 00000312 E8 FFFFFE45                     	CALL	_boxfill8
   389 00000317 8B 45 0C                        	MOV	EAX,DWORD [12+EBP]
   390 0000031A FF 75 E8                        	PUSH	DWORD [-24+EBP]
   391 0000031D 83 E8 03                        	SUB	EAX,3
   392 00000320 50                              	PUSH	EAX
   393 00000321 56                              	PUSH	ESI
   394 00000322 50                              	PUSH	EAX
   395 00000323 6A 07                           	PUSH	7
   396 00000325 FF 75 0C                        	PUSH	DWORD [12+EBP]
   397 00000328 FF 75 08                        	PUSH	DWORD [8+EBP]
   398 0000032B E8 FFFFFE2C                     	CALL	_boxfill8
   399 00000330 8D 65 F4                        	LEA	ESP,DWORD [-12+EBP]
   400 00000333 5B                              	POP	EBX
   401 00000334 5E                              	POP	ESI
   402 00000335 5F                              	POP	EDI
   403 00000336 5D                              	POP	EBP
   404 00000337 C3                              	RET
   405 00000338                                 	GLOBAL	_putfont8
   406 00000338                                 _putfont8:
   407 00000338 55                              	PUSH	EBP
   408 00000339 89 E5                           	MOV	EBP,ESP
   409 0000033B 57                              	PUSH	EDI
   410 0000033C 56                              	PUSH	ESI
   411 0000033D 31 F6                           	XOR	ESI,ESI
   412 0000033F 53                              	PUSH	EBX
   413 00000340 8B 7D 1C                        	MOV	EDI,DWORD [28+EBP]
   414 00000343 8A 5D 18                        	MOV	BL,BYTE [24+EBP]
   415 00000346                                 L43:
   416 00000346 8B 45 14                        	MOV	EAX,DWORD [20+EBP]
   417 00000349 8B 55 10                        	MOV	EDX,DWORD [16+EBP]
   418 0000034C 01 F0                           	ADD	EAX,ESI
   419 0000034E 0F AF 45 0C                     	IMUL	EAX,DWORD [12+EBP]
   420 00000352 03 45 08                        	ADD	EAX,DWORD [8+EBP]
   421 00000355 8D 0C 02                        	LEA	ECX,DWORD [EDX+EAX*1]
   422 00000358 8A 14 3E                        	MOV	DL,BYTE [ESI+EDI*1]
   423 0000035B 84 D2                           	TEST	DL,DL
   424 0000035D 79 02                           	JNS	L35
   425 0000035F 88 19                           	MOV	BYTE [ECX],BL
   426 00000361                                 L35:
   427 00000361 88 D0                           	MOV	AL,DL
   428 00000363 83 E0 40                        	AND	EAX,64
   429 00000366 84 C0                           	TEST	AL,AL
   430 00000368 74 03                           	JE	L36
   431 0000036A 88 59 01                        	MOV	BYTE [1+ECX],BL
   432 0000036D                                 L36:
   433 0000036D 88 D0                           	MOV	AL,DL
   434 0000036F 83 E0 20                        	AND	EAX,32
   435 00000372 84 C0                           	TEST	AL,AL
   436 00000374 74 03                           	JE	L37
   437 00000376 88 59 02                        	MOV	BYTE [2+ECX],BL
   438 00000379                                 L37:
   439 00000379 88 D0                           	MOV	AL,DL
   440 0000037B 83 E0 10                        	AND	EAX,16
   441 0000037E 84 C0                           	TEST	AL,AL
   442 00000380 74 03                           	JE	L38
   443 00000382 88 59 03                        	MOV	BYTE [3+ECX],BL
   444 00000385                                 L38:
   445 00000385 88 D0                           	MOV	AL,DL
   446 00000387 83 E0 08                        	AND	EAX,8
   447 0000038A 84 C0                           	TEST	AL,AL
   448 0000038C 74 03                           	JE	L39
   449 0000038E 88 59 04                        	MOV	BYTE [4+ECX],BL
   450 00000391                                 L39:
   451 00000391 88 D0                           	MOV	AL,DL
   452 00000393 83 E0 04                        	AND	EAX,4
   453 00000396 84 C0                           	TEST	AL,AL
   454 00000398 74 03                           	JE	L40
   455 0000039A 88 59 05                        	MOV	BYTE [5+ECX],BL
   456 0000039D                                 L40:
   457 0000039D 88 D0                           	MOV	AL,DL
   458 0000039F 83 E0 02                        	AND	EAX,2
   459 000003A2 84 C0                           	TEST	AL,AL
   460 000003A4 74 03                           	JE	L41
   461 000003A6 88 59 06                        	MOV	BYTE [6+ECX],BL
   462 000003A9                                 L41:
   463 000003A9 83 E2 01                        	AND	EDX,1
   464 000003AC 84 D2                           	TEST	DL,DL
   465 000003AE 74 03                           	JE	L33
   466 000003B0 88 59 07                        	MOV	BYTE [7+ECX],BL
   467 000003B3                                 L33:
   468 000003B3 46                              	INC	ESI
   469 000003B4 83 FE 0F                        	CMP	ESI,15
   470 000003B7 7E 8D                           	JLE	L43
   471 000003B9 5B                              	POP	EBX
   472 000003BA 5E                              	POP	ESI
   473 000003BB 5F                              	POP	EDI
   474 000003BC 5D                              	POP	EBP
   475 000003BD C3                              	RET
   476 000003BE                                 	GLOBAL	_putfonts8_asc
   477 000003BE                                 _putfonts8_asc:
   478 000003BE 55                              	PUSH	EBP
   479 000003BF 89 E5                           	MOV	EBP,ESP
   480 000003C1 57                              	PUSH	EDI
   481 000003C2 56                              	PUSH	ESI
   482 000003C3 53                              	PUSH	EBX
   483 000003C4 50                              	PUSH	EAX
   484 000003C5 8B 5D 1C                        	MOV	EBX,DWORD [28+EBP]
   485 000003C8 8A 45 18                        	MOV	AL,BYTE [24+EBP]
   486 000003CB 88 45 F3                        	MOV	BYTE [-13+EBP],AL
   487 000003CE 8B 75 10                        	MOV	ESI,DWORD [16+EBP]
   488 000003D1 8B 7D 14                        	MOV	EDI,DWORD [20+EBP]
   489 000003D4 80 3B 00                        	CMP	BYTE [EBX],0
   490 000003D7 75 08                           	JNE	L51
   491 000003D9                                 L53:
   492 000003D9 8D 65 F4                        	LEA	ESP,DWORD [-12+EBP]
   493 000003DC 5B                              	POP	EBX
   494 000003DD 5E                              	POP	ESI
   495 000003DE 5F                              	POP	EDI
   496 000003DF 5D                              	POP	EBP
   497 000003E0 C3                              	RET
   498 000003E1                                 L51:
   499 000003E1 0F B6 03                        	MOVZX	EAX,BYTE [EBX]
   500 000003E4 C1 E0 04                        	SAL	EAX,4
   501 000003E7 43                              	INC	EBX
   502 000003E8 05 [00000000]                   	ADD	EAX,_hankaku
   503 000003ED 50                              	PUSH	EAX
   504 000003EE 0F BE 45 F3                     	MOVSX	EAX,BYTE [-13+EBP]
   505 000003F2 50                              	PUSH	EAX
   506 000003F3 57                              	PUSH	EDI
   507 000003F4 56                              	PUSH	ESI
   508 000003F5 83 C6 08                        	ADD	ESI,8
   509 000003F8 FF 75 0C                        	PUSH	DWORD [12+EBP]
   510 000003FB FF 75 08                        	PUSH	DWORD [8+EBP]
   511 000003FE E8 FFFFFF35                     	CALL	_putfont8
   512 00000403 83 C4 18                        	ADD	ESP,24
   513 00000406 80 3B 00                        	CMP	BYTE [EBX],0
   514 00000409 75 D6                           	JNE	L51
   515 0000040B EB CC                           	JMP	L53
