     1 00000000                                 ; haribote-ipl
     2 00000000                                 ; TAB=4
     3 00000000                                 
     4                                          		ORG		0x7c00			; 이 프로그램이 어디에 Read되는가
     5 00007C00                                 
     6 00007C00                                 ; 이하는 표준적인 FAT12 포맷 플로피 디스크를 위한 기술
     7 00007C00                                 
     8 00007C00 EB 4E                           		JMP		entry
     9 00007C02 90                              		DB		0x90
    10 00007C03 48 41 52 49 42 4F 54 45         		DB		"HARIBOTE"		; boot sector의 이름을 자유롭게 써도 좋다(8바이트)
    11 00007C0B 0200                            		DW		512			; 1섹터 크기(512로 해야 함)
    12 00007C0D 01                              		DB		1			; 클러스터 크기(1섹터로 해야 함)
    13 00007C0E 0001                            		DW		1			; FAT가 어디에서 시작될까(보통은 1 섹터째부터)
    14 00007C10 02                              		DB		2			; FAT 개수(2로 해야 함)
    15 00007C11 00E0                            		DW		224			; 루트 디렉토리 영역의 크기(보통은 224엔트리로 한다)
    16 00007C13 0B40                            		DW		2880			; 드라이브 크기(2880섹터로 해야 함)
    17 00007C15 F0                              		DB		0xf0			; 미디어 타입(0xf0로 해야 함)
    18 00007C16 0009                            		DW		9			; FAT영역 길이(9섹터로 해야 함)
    19 00007C18 0012                            		DW		18			; 1트럭에 몇개의 섹터가 있을까(18로 해야 함)
    20 00007C1A 0002                            		DW		2			; 헤드 수(2로 해야 함)
    21 00007C1C 00000000                        		DD		0			; 파티션을 사용하지 않기 때문에 여기는 반드시 0
    22 00007C20 00000B40                        		DD		2880			; 드라이브 크기를 한번 더 write
    23 00007C24 00 00 29                        		DB		0,0,0x29		; 잘 모르지만 이 값으로 해 두면 좋은 것 같다
    24 00007C27 FFFFFFFF                        		DD		0xffffffff		; 아마, 볼륨 시리얼 번호
    25 00007C2B 48 41 52 49 42 4F 54 45 4F 53   		DB		"HARIBOTEOS "		; 디스크 이름(11바이트)
       00007C35 20 
    26 00007C36 46 41 54 31 32 20 20 20         		DB		"FAT12   "		; 포맷 이름(8바이트)
    27 00007C3E 00 00 00 00 00 00 00 00 00 00   		RESB	18				; 우선 18바이트를 비어 둔다
       00007C48 00 00 00 00 00 00 00 00 
    28 00007C50                                 
    29 00007C50                                 ; 프로그램 본체
    30 00007C50                                 
    31 00007C50                                 entry:
    32 00007C50 B8 0000                         		MOV		AX, 0			; 레지스터 초기화
    33 00007C53 8E D0                           		MOV		SS,AX
    34 00007C55 BC 7C00                         		MOV		SP,0x7c00
    35 00007C58 8E D8                           		MOV		DS,AX
    36 00007C5A                                 
    37 00007C5A                                 ; 디스크를 읽는다
    38 00007C5A                                 
    39 00007C5A B8 0820                         		MOV		AX,0x0820
    40 00007C5D 8E C0                           		MOV		ES,AX
    41 00007C5F B5 00                           		MOV		CH, 0			; 실린더 0
    42 00007C61 B6 00                           		MOV		DH, 0			; 헤드 0
    43 00007C63 B1 02                           		MOV		CL, 2			; 섹터 2
    44 00007C65                                 
    45 00007C65 B4 02                           		MOV		AH, 0x02		; AH=0x02 : 디스크 read
    46 00007C67 B0 01                           		MOV		AL, 1			; 1섹터
    47 00007C69 BB 0000                         		MOV		BX,0
    48 00007C6C B2 00                           		MOV		DL, 0x00		; A드라이브
    49 00007C6E CD 13                           		INT		0x13			; 디스크 BIOS 호출
    50 00007C70 72 03                           		JC		error			; jump if carry, carry flag 1 -> jump
    51 00007C72                                 
    52 00007C72                                 ; 다 읽었지만 우선 할일 없기 때문에 sleeve
    53 00007C72                                 
    54 00007C72                                 fin:
    55 00007C72 F4                              		HLT					; 무엇인가 있을 때까지 CPU를 정지시킨다
    56 00007C73 EB FD                           		JMP		fin			; Endless Loop
    57 00007C75                                 
    58 00007C75                                 error:
    59 00007C75 B8 0000                         		MOV		AX,0
    60 00007C78 8E C0                           		MOV		ES,AX
    61 00007C7A BE 7C8F                         		MOV		SI,msg
    62 00007C7D                                 putloop:
    63 00007C7D 8A 04                           		MOV		AL,[SI]
    64 00007C7F 83 C6 01                        		ADD		SI, 1			; SI에 1을 더한다
    65 00007C82 3C 00                           		CMP		AL,0
    66 00007C84 74 EC                           		JE		fin
    67 00007C86 B4 0E                           		MOV		AH, 0x0e		; 한 글자 표시 function
    68 00007C88 BB 000F                         		MOV		BX, 15			; 칼라 코드
    69 00007C8B CD 10                           		INT		0x10			; 비디오 BIOS 호출
    70 00007C8D EB EE                           		JMP		putloop
    71 00007C8F                                 msg:
    72 00007C8F 0A 0A                           		DB		0x0a, 0x0a		; 개행을 2개
    73 00007C91 6C 6F 61 64 20 65 72 72 6F 72   		DB		"load error"
    74 00007C9B 0A                              		DB		0x0a			; 개행
    75 00007C9C 00                              		DB		0
    76 00007C9D                                 
    77 00007C9D 00 00 00 00 00 00 00 00 00 00   		RESB	0x7dfe-$			; 0x7dfe까지를 0x00로 채우는 명령
       00007CA7 00 00 00 00 00 00 00 00 00 00 
       00007CB1 00 00 00 00 00 00 00 00 00 00 
       00007CBB 00 00 00 00 00 00 00 00 00 00 
       00007CC5 00 00 00 00 00 00 00 00 00 00 
       00007CCF 00 00 00 00 00 00 00 00 00 00 
       00007CD9 00 00 00 00 00 00 00 00 00 00 
       00007CE3 00 00 00 00 00 00 00 00 00 00 
       00007CED 00 00 00 00 00 00 00 00 00 00 
       00007CF7 00 00 00 00 00 00 00 00 00 00 
       00007D01 00 00 00 00 00 00 00 00 00 00 
       00007D0B 00 00 00 00 00 00 00 00 00 00 
       00007D15 00 00 00 00 00 00 00 00 00 00 
       00007D1F 00 00 00 00 00 00 00 00 00 00 
       00007D29 00 00 00 00 00 00 00 00 00 00 
       00007D33 00 00 00 00 00 00 00 00 00 00 
       00007D3D 00 00 00 00 00 00 00 00 00 00 
       00007D47 00 00 00 00 00 00 00 00 00 00 
       00007D51 00 00 00 00 00 00 00 00 00 00 
       00007D5B 00 00 00 00 00 00 00 00 00 00 
       00007D65 00 00 00 00 00 00 00 00 00 00 
       00007D6F 00 00 00 00 00 00 00 00 00 00 
       00007D79 00 00 00 00 00 00 00 00 00 00 
       00007D83 00 00 00 00 00 00 00 00 00 00 
       00007D8D 00 00 00 00 00 00 00 00 00 00 
       00007D97 00 00 00 00 00 00 00 00 00 00 
       00007DA1 00 00 00 00 00 00 00 00 00 00 
       00007DAB 00 00 00 00 00 00 00 00 00 00 
       00007DB5 00 00 00 00 00 00 00 00 00 00 
       00007DBF 00 00 00 00 00 00 00 00 00 00 
       00007DC9 00 00 00 00 00 00 00 00 00 00 
       00007DD3 00 00 00 00 00 00 00 00 00 00 
       00007DDD 00 00 00 00 00 00 00 00 00 00 
       00007DE7 00 00 00 00 00 00 00 00 00 00 
       00007DF1 00 00 00 00 00 00 00 00 00 00 
       00007DFB 00 00 00 
    78 00007DFE                                 
    79 00007DFE 55 AA                           		DB		0x55, 0xaa
